[1/9] Building C object esp-idf/main/CMakeFiles/__idf_main.dir/main.c.obj
FAILED: esp-idf/main/CMakeFiles/__idf_main.dir/main.c.obj 
ccache C:\Espressif\tools\xtensa-esp-elf\esp-13.2.0_20230928\xtensa-esp-elf\bin\xtensa-esp32s3-elf-gcc.exe -DESP_PLATFORM -DIDF_VER=\"v5.2.2-dirty\" -DMBEDTLS_CONFIG_FILE=\"mbedtls/esp_config.h\" -DSOC_MMU_PAGE_SIZE=CONFIG_MMU_PAGE_SIZE -DSOC_XTAL_FREQ_MHZ=CONFIG_XTAL_FREQ -DUNITY_INCLUDE_CONFIG_H -D_GLIBCXX_HAVE_POSIX_SEMAPHORE -D_GLIBCXX_USE_POSIX_SEMAPHORE -D_GNU_SOURCE -D_POSIX_READER_WRITER_LOCKS -IC:/Users/manish.tomar/workspace/netstick-test/build/config -IC:/Users/manish.tomar/workspace/netstick-test/main -IC:/Espressif/frameworks/esp-idf-v5.2.2/components/newlib/platform_include -IC:/Espressif/frameworks/esp-idf-v5.2.2/components/freertos/config/include -IC:/Espressif/frameworks/esp-idf-v5.2.2/components/freertos/config/include/freertos -IC:/Espressif/frameworks/esp-idf-v5.2.2/components/freertos/config/xtensa/include -IC:/Espressif/frameworks/esp-idf-v5.2.2/components/freertos/FreeRTOS-Kernel/include -IC:/Espressif/frameworks/esp-idf-v5.2.2/components/freertos/FreeRTOS-Kernel/portable/xtensa/include -IC:/Espressif/frameworks/esp-idf-v5.2.2/components/freertos/FreeRTOS-Kernel/portable/xtensa/include/freertos -IC:/Espressif/frameworks/esp-idf-v5.2.2/components/freertos/esp_additions/include -IC:/Espressif/frameworks/esp-idf-v5.2.2/components/esp_hw_support/include -IC:/Espressif/frameworks/esp-idf-v5.2.2/components/esp_hw_support/include/soc -IC:/Espressif/frameworks/esp-idf-v5.2.2/components/esp_hw_support/include/soc/esp32s3 -IC:/Espressif/frameworks/esp-idf-v5.2.2/components/esp_hw_support/port/esp32s3/. -IC:/Espressif/frameworks/esp-idf-v5.2.2/components/heap/include -IC:/Espressif/frameworks/esp-idf-v5.2.2/components/log/include -IC:/Espressif/frameworks/esp-idf-v5.2.2/components/soc/include -IC:/Espressif/frameworks/esp-idf-v5.2.2/components/soc/esp32s3 -IC:/Espressif/frameworks/esp-idf-v5.2.2/components/soc/esp32s3/include -IC:/Espressif/frameworks/esp-idf-v5.2.2/components/hal/platform_port/include -IC:/Espressif/frameworks/esp-idf-v5.2.2/components/hal/esp32s3/include -IC:/Espressif/frameworks/esp-idf-v5.2.2/components/hal/include -IC:/Espressif/frameworks/esp-idf-v5.2.2/components/esp_rom/include -IC:/Espressif/frameworks/esp-idf-v5.2.2/components/esp_rom/include/esp32s3 -IC:/Espressif/frameworks/esp-idf-v5.2.2/components/esp_rom/esp32s3 -IC:/Espressif/frameworks/esp-idf-v5.2.2/components/esp_common/include -IC:/Espressif/frameworks/esp-idf-v5.2.2/components/esp_system/include -IC:/Espressif/frameworks/esp-idf-v5.2.2/components/esp_system/port/soc -IC:/Espressif/frameworks/esp-idf-v5.2.2/components/esp_system/port/include/private -IC:/Espressif/frameworks/esp-idf-v5.2.2/components/xtensa/esp32s3/include -IC:/Espressif/frameworks/esp-idf-v5.2.2/components/xtensa/include -IC:/Espressif/frameworks/esp-idf-v5.2.2/components/xtensa/deprecated_include -IC:/Espressif/frameworks/esp-idf-v5.2.2/components/lwip/include -IC:/Espressif/frameworks/esp-idf-v5.2.2/components/lwip/include/apps -IC:/Espressif/frameworks/esp-idf-v5.2.2/components/lwip/include/apps/sntp -IC:/Espressif/frameworks/esp-idf-v5.2.2/components/lwip/lwip/src/include -IC:/Espressif/frameworks/esp-idf-v5.2.2/components/lwip/port/include -IC:/Espressif/frameworks/esp-idf-v5.2.2/components/lwip/port/freertos/include -IC:/Espressif/frameworks/esp-idf-v5.2.2/components/lwip/port/esp32xx/include -IC:/Espressif/frameworks/esp-idf-v5.2.2/components/lwip/port/esp32xx/include/arch -IC:/Espressif/frameworks/esp-idf-v5.2.2/components/lwip/port/esp32xx/include/sys -IC:/Espressif/frameworks/esp-idf-v5.2.2/components/esp_ringbuf/include -IC:/Espressif/frameworks/esp-idf-v5.2.2/components/efuse/include -IC:/Espressif/frameworks/esp-idf-v5.2.2/components/efuse/esp32s3/include -IC:/Espressif/frameworks/esp-idf-v5.2.2/components/esp_mm/include -IC:/Espressif/frameworks/esp-idf-v5.2.2/components/driver/include -IC:/Espressif/frameworks/esp-idf-v5.2.2/components/driver/deprecated -IC:/Espressif/frameworks/esp-idf-v5.2.2/components/driver/analog_comparator/include -IC:/Espressif/frameworks/esp-idf-v5.2.2/components/driver/dac/include -IC:/Espressif/frameworks/esp-idf-v5.2.2/components/driver/gpio/include -IC:/Espressif/frameworks/esp-idf-v5.2.2/components/driver/gptimer/include -IC:/Espressif/frameworks/esp-idf-v5.2.2/components/driver/i2c/include -IC:/Espressif/frameworks/esp-idf-v5.2.2/components/driver/i2s/include -IC:/Espressif/frameworks/esp-idf-v5.2.2/components/driver/ledc/include -IC:/Espressif/frameworks/esp-idf-v5.2.2/components/driver/mcpwm/include -IC:/Espressif/frameworks/esp-idf-v5.2.2/components/driver/parlio/include -IC:/Espressif/frameworks/esp-idf-v5.2.2/components/driver/pcnt/include -IC:/Espressif/frameworks/esp-idf-v5.2.2/components/driver/rmt/include -IC:/Espressif/frameworks/esp-idf-v5.2.2/components/driver/sdio_slave/include -IC:/Espressif/frameworks/esp-idf-v5.2.2/components/driver/sdmmc/include -IC:/Espressif/frameworks/esp-idf-v5.2.2/components/driver/sigma_delta/include -IC:/Espressif/frameworks/esp-idf-v5.2.2/components/driver/spi/include -IC:/Espressif/frameworks/esp-idf-v5.2.2/components/driver/temperature_sensor/include -IC:/Espressif/frameworks/esp-idf-v5.2.2/components/driver/touch_sensor/include -IC:/Espressif/frameworks/esp-idf-v5.2.2/components/driver/twai/include -IC:/Espressif/frameworks/esp-idf-v5.2.2/components/driver/uart/include -IC:/Espressif/frameworks/esp-idf-v5.2.2/components/driver/usb_serial_jtag/include -IC:/Espressif/frameworks/esp-idf-v5.2.2/components/driver/touch_sensor/esp32s3/include -IC:/Espressif/frameworks/esp-idf-v5.2.2/components/esp_pm/include -IC:/Espressif/frameworks/esp-idf-v5.2.2/components/mbedtls/port/include -IC:/Espressif/frameworks/esp-idf-v5.2.2/components/mbedtls/mbedtls/include -IC:/Espressif/frameworks/esp-idf-v5.2.2/components/mbedtls/mbedtls/library -IC:/Espressif/frameworks/esp-idf-v5.2.2/components/mbedtls/esp_crt_bundle/include -IC:/Espressif/frameworks/esp-idf-v5.2.2/components/mbedtls/mbedtls/3rdparty/everest/include -IC:/Espressif/frameworks/esp-idf-v5.2.2/components/mbedtls/mbedtls/3rdparty/p256-m -IC:/Espressif/frameworks/esp-idf-v5.2.2/components/mbedtls/mbedtls/3rdparty/p256-m/p256-m -IC:/Espressif/frameworks/esp-idf-v5.2.2/components/esp_bootloader_format/include -IC:/Espressif/frameworks/esp-idf-v5.2.2/components/esp_app_format/include -IC:/Espressif/frameworks/esp-idf-v5.2.2/components/bootloader_support/include -IC:/Espressif/frameworks/esp-idf-v5.2.2/components/bootloader_support/bootloader_flash/include -IC:/Espressif/frameworks/esp-idf-v5.2.2/components/esp_partition/include -IC:/Espressif/frameworks/esp-idf-v5.2.2/components/app_update/include -IC:/Espressif/frameworks/esp-idf-v5.2.2/components/spi_flash/include -IC:/Espressif/frameworks/esp-idf-v5.2.2/components/pthread/include -IC:/Espressif/frameworks/esp-idf-v5.2.2/components/esp_timer/include -IC:/Espressif/frameworks/esp-idf-v5.2.2/components/app_trace/include -IC:/Espressif/frameworks/esp-idf-v5.2.2/components/esp_event/include -IC:/Espressif/frameworks/esp-idf-v5.2.2/components/nvs_flash/include -IC:/Espressif/frameworks/esp-idf-v5.2.2/components/esp_phy/include -IC:/Espressif/frameworks/esp-idf-v5.2.2/components/esp_phy/esp32s3/include -IC:/Espressif/frameworks/esp-idf-v5.2.2/components/vfs/include -IC:/Espressif/frameworks/esp-idf-v5.2.2/components/esp_netif/include -IC:/Espressif/frameworks/esp-idf-v5.2.2/components/wpa_supplicant/include -IC:/Espressif/frameworks/esp-idf-v5.2.2/components/wpa_supplicant/port/include -IC:/Espressif/frameworks/esp-idf-v5.2.2/components/wpa_supplicant/esp_supplicant/include -IC:/Espressif/frameworks/esp-idf-v5.2.2/components/esp_coex/include -IC:/Espressif/frameworks/esp-idf-v5.2.2/components/esp_wifi/include -IC:/Espressif/frameworks/esp-idf-v5.2.2/components/esp_wifi/wifi_apps/include -IC:/Espressif/frameworks/esp-idf-v5.2.2/components/unity/include -IC:/Espressif/frameworks/esp-idf-v5.2.2/components/unity/unity/src -IC:/Espressif/frameworks/esp-idf-v5.2.2/components/cmock/CMock/src -IC:/Espressif/frameworks/esp-idf-v5.2.2/components/console -IC:/Espressif/frameworks/esp-idf-v5.2.2/components/http_parser -IC:/Espressif/frameworks/esp-idf-v5.2.2/components/esp-tls -IC:/Espressif/frameworks/esp-idf-v5.2.2/components/esp-tls/esp-tls-crypto -IC:/Espressif/frameworks/esp-idf-v5.2.2/components/esp_adc/include -IC:/Espressif/frameworks/esp-idf-v5.2.2/components/esp_adc/interface -IC:/Espressif/frameworks/esp-idf-v5.2.2/components/esp_adc/esp32s3/include -IC:/Espressif/frameworks/esp-idf-v5.2.2/components/esp_adc/deprecated/include -IC:/Espressif/frameworks/esp-idf-v5.2.2/components/esp_eth/include -IC:/Espressif/frameworks/esp-idf-v5.2.2/components/esp_gdbstub/include -IC:/Espressif/frameworks/esp-idf-v5.2.2/components/esp_hid/include -IC:/Espressif/frameworks/esp-idf-v5.2.2/components/tcp_transport/include -IC:/Espressif/frameworks/esp-idf-v5.2.2/components/esp_http_client/include -IC:/Espressif/frameworks/esp-idf-v5.2.2/components/esp_http_server/include -IC:/Espressif/frameworks/esp-idf-v5.2.2/components/esp_https_ota/include -IC:/Espressif/frameworks/esp-idf-v5.2.2/components/esp_psram/include -IC:/Espressif/frameworks/esp-idf-v5.2.2/components/esp_lcd/include -IC:/Espressif/frameworks/esp-idf-v5.2.2/components/esp_lcd/interface -IC:/Espressif/frameworks/esp-idf-v5.2.2/components/protobuf-c/protobuf-c -IC:/Espressif/frameworks/esp-idf-v5.2.2/components/protocomm/include/common -IC:/Espressif/frameworks/esp-idf-v5.2.2/components/protocomm/include/security -IC:/Espressif/frameworks/esp-idf-v5.2.2/components/protocomm/include/transports -IC:/Espressif/frameworks/esp-idf-v5.2.2/components/protocomm/include/crypto/srp6a -IC:/Espressif/frameworks/esp-idf-v5.2.2/components/protocomm/proto-c -IC:/Espressif/frameworks/esp-idf-v5.2.2/components/esp_local_ctrl/include -IC:/Espressif/frameworks/esp-idf-v5.2.2/components/espcoredump/include -IC:/Espressif/frameworks/esp-idf-v5.2.2/components/espcoredump/include/port/xtensa -IC:/Espressif/frameworks/esp-idf-v5.2.2/components/wear_levelling/include -IC:/Espressif/frameworks/esp-idf-v5.2.2/components/sdmmc/include -IC:/Espressif/frameworks/esp-idf-v5.2.2/components/fatfs/diskio -IC:/Espressif/frameworks/esp-idf-v5.2.2/components/fatfs/src -IC:/Espressif/frameworks/esp-idf-v5.2.2/components/fatfs/vfs -IC:/Espressif/frameworks/esp-idf-v5.2.2/components/idf_test/include -IC:/Espressif/frameworks/esp-idf-v5.2.2/components/idf_test/include/esp32s3 -IC:/Espressif/frameworks/esp-idf-v5.2.2/components/ieee802154/include -IC:/Espressif/frameworks/esp-idf-v5.2.2/components/json/cJSON -IC:/Espressif/frameworks/esp-idf-v5.2.2/components/mqtt/esp-mqtt/include -IC:/Espressif/frameworks/esp-idf-v5.2.2/components/nvs_sec_provider/include -IC:/Espressif/frameworks/esp-idf-v5.2.2/components/perfmon/include -IC:/Espressif/frameworks/esp-idf-v5.2.2/components/spiffs/include -IC:/Espressif/frameworks/esp-idf-v5.2.2/components/touch_element/include -IC:/Espressif/frameworks/esp-idf-v5.2.2/components/usb/include -IC:/Espressif/frameworks/esp-idf-v5.2.2/components/wifi_provisioning/include -IC:/Users/manish.tomar/workspace/netstick-test/components/esp32-camera/driver/include -IC:/Users/manish.tomar/workspace/netstick-test/components/esp32-camera/conversions/include -mlongcalls  -fno-builtin-memcpy -fno-builtin-memset -fno-builtin-bzero -fno-builtin-stpcpy -fno-builtin-strncpy -fdiagnostics-color=always -ffunction-sections -fdata-sections -Wall -Werror=all -Wno-error=unused-function -Wno-error=unused-variable -Wno-error=unused-but-set-variable -Wno-error=deprecated-declarations -Wextra -Wno-unused-parameter -Wno-sign-compare -Wno-enum-conversion -gdwarf-4 -ggdb -Og -fno-shrink-wrap -fmacro-prefix-map=C:/Users/manish.tomar/workspace/netstick-test=. -fmacro-prefix-map=C:/Espressif/frameworks/esp-idf-v5.2.2=/IDF -fstrict-volatile-bitfields -fno-jump-tables -fno-tree-switch-conversion -std=gnu17 -Wno-old-style-declaration -MD -MT esp-idf/main/CMakeFiles/__idf_main.dir/main.c.obj -MF esp-idf\main\CMakeFiles\__idf_main.dir\main.c.obj.d -o esp-idf/main/CMakeFiles/__idf_main.dir/main.c.obj -c C:/Users/manish.tomar/workspace/netstick-test/main/main.c
C:/Users/manish.tomar/workspace/netstick-test/main/main.c:1:1: error: unknown type name 'camera_config_t'
    1 | camera_config_t camera_config = {
      | ^~~~~~~~~~~~~~~
C:/Users/manish.tomar/workspace/netstick-test/main/main.c:2:5: error: field name not in record or union initializer
    2 |     .pin_pwdn       = -1,
      |     ^
C:/Users/manish.tomar/workspace/netstick-test/main/main.c:2:5: note: (near initialization for 'camera_config')
C:/Users/manish.tomar/workspace/netstick-test/main/main.c:3:5: error: field name not in record or union initializer
    3 |     .pin_reset      = -1,
      |     ^
C:/Users/manish.tomar/workspace/netstick-test/main/main.c:3:5: note: (near initialization for 'camera_config')
C:/Users/manish.tomar/workspace/netstick-test/main/main.c:3:23: warning: excess elements in scalar initializer
    3 |     .pin_reset      = -1,
      |                       ^
C:/Users/manish.tomar/workspace/netstick-test/main/main.c:3:23: note: (near initialization for 'camera_config')
C:/Users/manish.tomar/workspace/netstick-test/main/main.c:4:5: error: field name not in record or union initializer
    4 |     .pin_xclk       = 15,
      |     ^
C:/Users/manish.tomar/workspace/netstick-test/main/main.c:4:5: note: (near initialization for 'camera_config')
C:/Users/manish.tomar/workspace/netstick-test/main/main.c:4:23: warning: excess elements in scalar initializer
    4 |     .pin_xclk       = 15,
      |                       ^~
C:/Users/manish.tomar/workspace/netstick-test/main/main.c:4:23: note: (near initialization for 'camera_config')
C:/Users/manish.tomar/workspace/netstick-test/main/main.c:5:5: error: field name not in record or union initializer
    5 |     .pin_sccb_sda   = 4,
      |     ^
C:/Users/manish.tomar/workspace/netstick-test/main/main.c:5:5: note: (near initialization for 'camera_config')
C:/Users/manish.tomar/workspace/netstick-test/main/main.c:5:23: warning: excess elements in scalar initializer
    5 |     .pin_sccb_sda   = 4,
      |                       ^
C:/Users/manish.tomar/workspace/netstick-test/main/main.c:5:23: note: (near initialization for 'camera_config')
C:/Users/manish.tomar/workspace/netstick-test/main/main.c:6:5: error: field name not in record or union initializer
    6 |     .pin_sccb_scl   = 5,
      |     ^
C:/Users/manish.tomar/workspace/netstick-test/main/main.c:6:5: note: (near initialization for 'camera_config')
C:/Users/manish.tomar/workspace/netstick-test/main/main.c:6:23: warning: excess elements in scalar initializer
    6 |     .pin_sccb_scl   = 5,
      |                       ^
C:/Users/manish.tomar/workspace/netstick-test/main/main.c:6:23: note: (near initialization for 'camera_config')
C:/Users/manish.tomar/workspace/netstick-test/main/main.c:7:5: error: field name not in record or union initializer
    7 |     .pin_d7         = 11,
      |     ^
C:/Users/manish.tomar/workspace/netstick-test/main/main.c:7:5: note: (near initialization for 'camera_config')
C:/Users/manish.tomar/workspace/netstick-test/main/main.c:7:23: warning: excess elements in scalar initializer
    7 |     .pin_d7         = 11,
      |                       ^~
C:/Users/manish.tomar/workspace/netstick-test/main/main.c:7:23: note: (near initialization for 'camera_config')
C:/Users/manish.tomar/workspace/netstick-test/main/main.c:8:5: error: field name not in record or union initializer
    8 |     .pin_d6         = 9,
      |     ^
C:/Users/manish.tomar/workspace/netstick-test/main/main.c:8:5: note: (near initialization for 'camera_config')
C:/Users/manish.tomar/workspace/netstick-test/main/main.c:8:23: warning: excess elements in scalar initializer
    8 |     .pin_d6         = 9,
      |                       ^
C:/Users/manish.tomar/workspace/netstick-test/main/main.c:8:23: note: (near initialization for 'camera_config')
C:/Users/manish.tomar/workspace/netstick-test/main/main.c:9:5: error: field name not in record or union initializer
    9 |     .pin_d5         = 8,
      |     ^
C:/Users/manish.tomar/workspace/netstick-test/main/main.c:9:5: note: (near initialization for 'camera_config')
C:/Users/manish.tomar/workspace/netstick-test/main/main.c:9:23: warning: excess elements in scalar initializer
    9 |     .pin_d5         = 8,
      |                       ^
C:/Users/manish.tomar/workspace/netstick-test/main/main.c:9:23: note: (near initialization for 'camera_config')
C:/Users/manish.tomar/workspace/netstick-test/main/main.c:10:5: error: field name not in record or union initializer
   10 |     .pin_d4         = 10,
      |     ^
C:/Users/manish.tomar/workspace/netstick-test/main/main.c:10:5: note: (near initialization for 'camera_config')
C:/Users/manish.tomar/workspace/netstick-test/main/main.c:10:23: warning: excess elements in scalar initializer
   10 |     .pin_d4         = 10,
      |                       ^~
C:/Users/manish.tomar/workspace/netstick-test/main/main.c:10:23: note: (near initialization for 'camera_config')
C:/Users/manish.tomar/workspace/netstick-test/main/main.c:11:5: error: field name not in record or union initializer
   11 |     .pin_d3         = 12,
      |     ^
C:/Users/manish.tomar/workspace/netstick-test/main/main.c:11:5: note: (near initialization for 'camera_config')
C:/Users/manish.tomar/workspace/netstick-test/main/main.c:11:23: warning: excess elements in scalar initializer
   11 |     .pin_d3         = 12,
      |                       ^~
C:/Users/manish.tomar/workspace/netstick-test/main/main.c:11:23: note: (near initialization for 'camera_config')
C:/Users/manish.tomar/workspace/netstick-test/main/main.c:12:5: error: field name not in record or union initializer
   12 |     .pin_d2         = 18,
      |     ^
C:/Users/manish.tomar/workspace/netstick-test/main/main.c:12:5: note: (near initialization for 'camera_config')
C:/Users/manish.tomar/workspace/netstick-test/main/main.c:12:23: warning: excess elements in scalar initializer
   12 |     .pin_d2         = 18,
      |                       ^~
C:/Users/manish.tomar/workspace/netstick-test/main/main.c:12:23: note: (near initialization for 'camera_config')
C:/Users/manish.tomar/workspace/netstick-test/main/main.c:13:5: error: field name not in record or union initializer
   13 |     .pin_d1         = 17,
      |     ^
C:/Users/manish.tomar/workspace/netstick-test/main/main.c:13:5: note: (near initialization for 'camera_config')
C:/Users/manish.tomar/workspace/netstick-test/main/main.c:13:23: warning: excess elements in scalar initializer
   13 |     .pin_d1         = 17,
      |                       ^~
C:/Users/manish.tomar/workspace/netstick-test/main/main.c:13:23: note: (near initialization for 'camera_config')
C:/Users/manish.tomar/workspace/netstick-test/main/main.c:14:5: error: field name not in record or union initializer
   14 |     .pin_d0         = 16,
      |     ^
C:/Users/manish.tomar/workspace/netstick-test/main/main.c:14:5: note: (near initialization for 'camera_config')
C:/Users/manish.tomar/workspace/netstick-test/main/main.c:14:23: warning: excess elements in scalar initializer
   14 |     .pin_d0         = 16,
      |                       ^~
C:/Users/manish.tomar/workspace/netstick-test/main/main.c:14:23: note: (near initialization for 'camera_config')
C:/Users/manish.tomar/workspace/netstick-test/main/main.c:15:5: error: field name not in record or union initializer
   15 |     .pin_vsync      = 6,
      |     ^
C:/Users/manish.tomar/workspace/netstick-test/main/main.c:15:5: note: (near initialization for 'camera_config')
C:/Users/manish.tomar/workspace/netstick-test/main/main.c:15:23: warning: excess elements in scalar initializer
   15 |     .pin_vsync      = 6,
      |                       ^
C:/Users/manish.tomar/workspace/netstick-test/main/main.c:15:23: note: (near initialization for 'camera_config')
C:/Users/manish.tomar/workspace/netstick-test/main/main.c:16:5: error: field name not in record or union initializer
   16 |     .pin_href       = 7,
      |     ^
C:/Users/manish.tomar/workspace/netstick-test/main/main.c:16:5: note: (near initialization for 'camera_config')
C:/Users/manish.tomar/workspace/netstick-test/main/main.c:16:23: warning: excess elements in scalar initializer
   16 |     .pin_href       = 7,
      |                       ^
C:/Users/manish.tomar/workspace/netstick-test/main/main.c:16:23: note: (near initialization for 'camera_config')
C:/Users/manish.tomar/workspace/netstick-test/main/main.c:17:5: error: field name not in record or union initializer
   17 |     .pin_pclk       = 13,
      |     ^
C:/Users/manish.tomar/workspace/netstick-test/main/main.c:17:5: note: (near initialization for 'camera_config')
C:/Users/manish.tomar/workspace/netstick-test/main/main.c:17:23: warning: excess elements in scalar initializer
   17 |     .pin_pclk       = 13,
      |                       ^~
C:/Users/manish.tomar/workspace/netstick-test/main/main.c:17:23: note: (near initialization for 'camera_config')
C:/Users/manish.tomar/workspace/netstick-test/main/main.c:20:5: error: field name not in record or union initializer
   20 |     .xclk_freq_hz   = 16000000, // Set XCLK to 16MHz
      |     ^
C:/Users/manish.tomar/workspace/netstick-test/main/main.c:20:5: note: (near initialization for 'camera_config')
C:/Users/manish.tomar/workspace/netstick-test/main/main.c:20:23: warning: excess elements in scalar initializer
   20 |     .xclk_freq_hz   = 16000000, // Set XCLK to 16MHz
      |                       ^~~~~~~~
C:/Users/manish.tomar/workspace/netstick-test/main/main.c:20:23: note: (near initialization for 'camera_config')
C:/Users/manish.tomar/workspace/netstick-test/main/main.c:22:5: error: field name not in record or union initializer
   22 |     .ledc_timer     = LEDC_TIMER_0,
      |     ^
C:/Users/manish.tomar/workspace/netstick-test/main/main.c:22:5: note: (near initialization for 'camera_config')
C:/Users/manish.tomar/workspace/netstick-test/main/main.c:22:23: error: 'LEDC_TIMER_0' undeclared here (not in a function)
   22 |     .ledc_timer     = LEDC_TIMER_0,
      |                       ^~~~~~~~~~~~
C:/Users/manish.tomar/workspace/netstick-test/main/main.c:22:23: warning: excess elements in scalar initializer
C:/Users/manish.tomar/workspace/netstick-test/main/main.c:22:23: note: (near initialization for 'camera_config')
C:/Users/manish.tomar/workspace/netstick-test/main/main.c:23:5: error: field name not in record or union initializer
   23 |     .ledc_channel   = LEDC_CHANNEL_0,
      |     ^
C:/Users/manish.tomar/workspace/netstick-test/main/main.c:23:5: note: (near initialization for 'camera_config')
C:/Users/manish.tomar/workspace/netstick-test/main/main.c:23:23: error: 'LEDC_CHANNEL_0' undeclared here (not in a function)
   23 |     .ledc_channel   = LEDC_CHANNEL_0,
      |                       ^~~~~~~~~~~~~~
C:/Users/manish.tomar/workspace/netstick-test/main/main.c:23:23: warning: excess elements in scalar initializer
C:/Users/manish.tomar/workspace/netstick-test/main/main.c:23:23: note: (near initialization for 'camera_config')
C:/Users/manish.tomar/workspace/netstick-test/main/main.c:26:5: error: field name not in record or union initializer
   26 |     .pixel_format   = PIXFORMAT_JPEG,
      |     ^
C:/Users/manish.tomar/workspace/netstick-test/main/main.c:26:5: note: (near initialization for 'camera_config')
C:/Users/manish.tomar/workspace/netstick-test/main/main.c:26:23: error: 'PIXFORMAT_JPEG' undeclared here (not in a function)
   26 |     .pixel_format   = PIXFORMAT_JPEG,
      |                       ^~~~~~~~~~~~~~
C:/Users/manish.tomar/workspace/netstick-test/main/main.c:26:23: warning: excess elements in scalar initializer
C:/Users/manish.tomar/workspace/netstick-test/main/main.c:26:23: note: (near initialization for 'camera_config')
C:/Users/manish.tomar/workspace/netstick-test/main/main.c:29:5: error: field name not in record or union initializer
   29 |     .frame_size     = FRAMESIZE_QVGA,
      |     ^
C:/Users/manish.tomar/workspace/netstick-test/main/main.c:29:5: note: (near initialization for 'camera_config')
C:/Users/manish.tomar/workspace/netstick-test/main/main.c:29:23: error: 'FRAMESIZE_QVGA' undeclared here (not in a function)
   29 |     .frame_size     = FRAMESIZE_QVGA,
      |                       ^~~~~~~~~~~~~~
C:/Users/manish.tomar/workspace/netstick-test/main/main.c:29:23: warning: excess elements in scalar initializer
C:/Users/manish.tomar/workspace/netstick-test/main/main.c:29:23: note: (near initialization for 'camera_config')
C:/Users/manish.tomar/workspace/netstick-test/main/main.c:32:5: error: field name not in record or union initializer
   32 |     .jpeg_quality   = 12,
      |     ^
C:/Users/manish.tomar/workspace/netstick-test/main/main.c:32:5: note: (near initialization for 'camera_config')
C:/Users/manish.tomar/workspace/netstick-test/main/main.c:32:23: warning: excess elements in scalar initializer
   32 |     .jpeg_quality   = 12,
      |                       ^~
C:/Users/manish.tomar/workspace/netstick-test/main/main.c:32:23: note: (near initialization for 'camera_config')
C:/Users/manish.tomar/workspace/netstick-test/main/main.c:35:5: error: field name not in record or union initializer
   35 |     .fb_count       = 1,     // Only one frame buffer for JPEG mode
      |     ^
C:/Users/manish.tomar/workspace/netstick-test/main/main.c:35:5: note: (near initialization for 'camera_config')
C:/Users/manish.tomar/workspace/netstick-test/main/main.c:35:23: warning: excess elements in scalar initializer
   35 |     .fb_count       = 1,     // Only one frame buffer for JPEG mode
      |                       ^
C:/Users/manish.tomar/workspace/netstick-test/main/main.c:35:23: note: (near initialization for 'camera_config')
C:/Users/manish.tomar/workspace/netstick-test/main/main.c:36:5: error: field name not in record or union initializer
   36 |     .fb_location    = CAMERA_FB_IN_PSRAM // Ensure frame buffers in PSRAM
      |     ^
C:/Users/manish.tomar/workspace/netstick-test/main/main.c:36:5: note: (near initialization for 'camera_config')
C:/Users/manish.tomar/workspace/netstick-test/main/main.c:36:23: error: 'CAMERA_FB_IN_PSRAM' undeclared here (not in a function)
   36 |     .fb_location    = CAMERA_FB_IN_PSRAM // Ensure frame buffers in PSRAM
      |                       ^~~~~~~~~~~~~~~~~~
C:/Users/manish.tomar/workspace/netstick-test/main/main.c:36:23: warning: excess elements in scalar initializer
C:/Users/manish.tomar/workspace/netstick-test/main/main.c:36:23: note: (near initialization for 'camera_config')
C:/Users/manish.tomar/workspace/netstick-test/main/main.c:39:8: error: unknown type name 'esp_err_t'
   39 | static esp_err_t init_camera(void)
      |        ^~~~~~~~~
C:/Users/manish.tomar/workspace/netstick-test/main/main.c: In function 'init_camera':
C:/Users/manish.tomar/workspace/netstick-test/main/main.c:41:5: error: implicit declaration of function 'ESP_LOGI' [-Werror=implicit-function-declaration]
   41 |     ESP_LOGI(TAG, "Initializing camera...");
      |     ^~~~~~~~
C:/Users/manish.tomar/workspace/netstick-test/main/main.c:41:14: error: 'TAG' undeclared (first use in this function)
   41 |     ESP_LOGI(TAG, "Initializing camera...");
      |              ^~~
C:/Users/manish.tomar/workspace/netstick-test/main/main.c:41:14: note: each undeclared identifier is reported only once for each function it appears in
C:/Users/manish.tomar/workspace/netstick-test/main/main.c:42:5: error: unknown type name 'esp_err_t'
   42 |     esp_err_t err = esp_camera_init(&camera_config);
      |     ^~~~~~~~~
C:/Users/manish.tomar/workspace/netstick-test/main/main.c:42:21: error: implicit declaration of function 'esp_camera_init' [-Werror=implicit-function-declaration]
   42 |     esp_err_t err = esp_camera_init(&camera_config);
      |                     ^~~~~~~~~~~~~~~
C:/Users/manish.tomar/workspace/netstick-test/main/main.c:43:16: error: 'ESP_OK' undeclared (first use in this function)
   43 |     if (err != ESP_OK)
      |                ^~~~~~
C:/Users/manish.tomar/workspace/netstick-test/main/main.c:45:9: error: implicit declaration of function 'ESP_LOGE' [-Werror=implicit-function-declaration]
   45 |         ESP_LOGE(TAG, "Camera Init Failed with error 0x%x", err);
      |         ^~~~~~~~
C:/Users/manish.tomar/workspace/netstick-test/main/main.c: In function 'app_main':
C:/Users/manish.tomar/workspace/netstick-test/main/main.c:53:5: error: implicit declaration of function 'esp_camera_deinit' [-Werror=implicit-function-declaration]
   53 |     esp_camera_deinit();  // Ensure previous camera is deinitialized
      |     ^~~~~~~~~~~~~~~~~
C:/Users/manish.tomar/workspace/netstick-test/main/main.c:54:5: error: implicit declaration of function 'vTaskDelay' [-Werror=implicit-function-declaration]
   54 |     vTaskDelay(pdMS_TO_TICKS(100));  // Short delay after deinit
      |     ^~~~~~~~~~
C:/Users/manish.tomar/workspace/netstick-test/main/main.c:54:16: error: implicit declaration of function 'pdMS_TO_TICKS' [-Werror=implicit-function-declaration]
   54 |     vTaskDelay(pdMS_TO_TICKS(100));  // Short delay after deinit
      |                ^~~~~~~~~~~~~
C:/Users/manish.tomar/workspace/netstick-test/main/main.c:56:9: error: 'ESP_OK' undeclared (first use in this function)
   56 |     if (ESP_OK != init_camera()) {
      |         ^~~~~~
C:/Users/manish.tomar/workspace/netstick-test/main/main.c:57:18: error: 'TAG' undeclared (first use in this function)
   57 |         ESP_LOGE(TAG, "Camera init failed");
      |                  ^~~
C:/Users/manish.tomar/workspace/netstick-test/main/main.c:66:9: error: unknown type name 'camera_fb_t'
   66 |         camera_fb_t *pic = esp_camera_fb_get();
      |         ^~~~~~~~~~~
C:/Users/manish.tomar/workspace/netstick-test/main/main.c:66:28: error: implicit declaration of function 'esp_camera_fb_get' [-Werror=implicit-function-declaration]
   66 |         camera_fb_t *pic = esp_camera_fb_get();
      |                            ^~~~~~~~~~~~~~~~~
C:/Users/manish.tomar/workspace/netstick-test/main/main.c:66:28: warning: initialization of 'int *' from 'int' makes pointer from integer without a cast [-Wint-conversion]
C:/Users/manish.tomar/workspace/netstick-test/main/main.c:74:68: error: request for member 'len' in something not a structure or union
   74 |         ESP_LOGI(TAG, "Picture taken! Its size was: %zu bytes", pic->len);
      |                                                                    ^~
C:/Users/manish.tomar/workspace/netstick-test/main/main.c:76:9: error: implicit declaration of function 'esp_camera_fb_return' [-Werror=implicit-function-declaration]
   76 |         esp_camera_fb_return(pic);  // Return the frame buffer
      |         ^~~~~~~~~~~~~~~~~~~~
cc1.exe: some warnings being treated as errors
[2/9] Performing build step for 'bootloader'
[1/1] cmd.exe /C "cd /D C:\Users\manish.tomar\workspace\netstick-test\build\bootloader\esp-idf\esptool_py && C:\Espressif\python_env\idf5.2_py3.11_env\Scripts\python.exe C:/Espressif/frameworks/esp-idf-v5.2.2/components/partition_table/check_sizes.py --offset 0x8000 bootloader 0x0 C:/Users/manish.tomar/workspace/netstick-test/build/bootloader/bootloader.bin"
Bootloader binary size 0x5250 bytes. 0x2db0 bytes (36%) free.
ninja: build stopped: subcommand failed.
